============================= test session starts =============================
platform win32 -- Python 3.12.12, pytest-8.2.0, pluggy-1.5.0 -- C:\anconda3\python.exe
cachedir: .pytest_cache
rootdir: C:\Users\vinit\.gemini\antigravity\scratch\ml-debug-rl-trainer
plugins: anyio-4.9.0, Faker-37.1.0, langsmith-0.3.45, asyncio-0.23.6, cov-6.0.0, typeguard-4.4.1
asyncio: mode=Mode.STRICT
collecting ... collected 35 items

tests/test_env.py::TestDataLeakageGrader::test_perfect_score PASSED      [  2%]
tests/test_env.py::TestDataLeakageGrader::test_partial_score_wrong_fix PASSED [  5%]
tests/test_env.py::TestDataLeakageGrader::test_zero_score PASSED         [  8%]
tests/test_env.py::TestFP16UnderflowGrader::test_perfect_score PASSED    [ 11%]
tests/test_env.py::TestFP16UnderflowGrader::test_val_in_range PASSED     [ 14%]
tests/test_env.py::TestFP16UnderflowGrader::test_wrong_diagnosis PASSED  [ 17%]
tests/test_env.py::TestPoisoningGrader::test_perfect_score PASSED        [ 20%]
tests/test_env.py::TestPoisoningGrader::test_finds_bug_not_class PASSED  [ 22%]
tests/test_env.py::TestPoisoningGrader::test_zero_score PASSED           [ 25%]
tests/test_env.py::TestEnvironment::test_reset_returns_task1 PASSED      [ 28%]
tests/test_env.py::TestEnvironment::test_fetch_loss_curve FAILED         [ 31%]
tests/test_env.py::TestEnvironment::test_redundant_tool_penalized PASSED [ 34%]
tests/test_env.py::TestEnvironment::test_diagnose_advances_task PASSED   [ 37%]
tests/test_env.py::TestEnvironment::test_full_episode PASSED             [ 40%]
tests/test_env.py::TestAPI::test_health PASSED                           [ 42%]
tests/test_env.py::TestAPI::test_reset PASSED                            [ 45%]
tests/test_env.py::TestAPI::test_step_investigation PASSED               [ 48%]
tests/test_env.py::TestAPI::test_step_diagnose PASSED                    [ 51%]
tests/test_env.py::TestAPI::test_state PASSED                            [ 54%]
tests/test_env.py::TestAPI::test_tasks PASSED                            [ 57%]
tests/test_env.py::TestAPI::test_no_suggest_diagnosis_endpoint PASSED    [ 60%]
tests/test_env.py::TestAPI::test_no_agent_stats_endpoint PASSED          [ 62%]
tests/test_env.py::TestAPI::test_reward_partial_credit PASSED            [ 65%]
tests/test_env.py::TestClassImbalanceGrader::test_perfect_score PASSED   [ 68%]
tests/test_env.py::TestClassImbalanceGrader::test_partial_score_diagnosis_only PASSED [ 71%]
tests/test_env.py::TestClassImbalanceGrader::test_zero_score PASSED      [ 74%]
tests/test_env.py::TestForgettingGrader::test_perfect_score PASSED       [ 77%]
tests/test_env.py::TestForgettingGrader::test_partial_score_diagnosis_only PASSED [ 80%]
tests/test_env.py::TestForgettingGrader::test_zero_score PASSED          [ 82%]
tests/test_env.py::TestTaskPool::test_episode_always_has_3_tasks PASSED  [ 85%]
tests/test_env.py::TestTaskPool::test_medium_task_pool_varies PASSED     [ 88%]
tests/test_env.py::TestTaskPool::test_easy_task_pool_varies PASSED       [ 91%]
tests/test_env.py::TestNaNInitGrader::test_perfect_score PASSED          [ 94%]
tests/test_env.py::TestNaNInitGrader::test_partial_score_diagnosis_only PASSED [ 97%]
tests/test_env.py::TestNaNInitGrader::test_zero_score PASSED             [100%]

================================== FAILURES ===================================
____________________ TestEnvironment.test_fetch_loss_curve ____________________
tests\test_env.py:155: in test_fetch_loss_curve
    assert obs.steps_remaining == 4  # 5 - 1
E   AssertionError: assert 15 == 4
E    +  where 15 = Observation(task_id='data_leakage_1825', difficulty='easy', description='An XGBoost model was trained on tabular customer churn data. It achieved 99.8% precision instantly. But in a live A/B test, it performed no better than random guessing. Investigate what went wrong and prescribe a fix.', step_number=1, max_steps=16, steps_remaining=15, tool_result={'loss_curve': {'val': [0.0642, 0.0455, 0.0442, 0.0278, 0.0253]}}, action_history=['fetch_loss_curve'], available_tools=['fetch_logs', 'fetch_config', 'fetch_loss_curve', 'fetch_gpu_metrics', 'fetch_class_metrics', 'diagnose']).steps_remaining
============================== warnings summary ===============================
..\..\..\..\..\..\anconda3\Lib\site-packages\starlette\formparsers.py:12
  C:\anconda3\Lib\site-packages\starlette\formparsers.py:12: PendingDeprecationWarning: Please use `import python_multipart` instead.
    import multipart

ml_env\models.py:27
  C:\Users\vinit\.gemini\antigravity\scratch\ml-debug-rl-trainer\ml_env\models.py:27: PydanticDeprecatedSince20: Pydantic V1 style `@validator` validators are deprecated. You should migrate to Pydantic V2 style `@field_validator` validators, see the migration guide for more details. Deprecated in Pydantic V2.0 to be removed in V3.0. See Pydantic V2 Migration Guide at https://errors.pydantic.dev/2.7/migration/
    @validator("action_type")

ml_env\models.py:37
  C:\Users\vinit\.gemini\antigravity\scratch\ml-debug-rl-trainer\ml_env\models.py:37: PydanticDeprecatedSince20: Pydantic V1 style `@validator` validators are deprecated. You should migrate to Pydantic V2 style `@field_validator` validators, see the migration guide for more details. Deprecated in Pydantic V2.0 to be removed in V3.0. See Pydantic V2 Migration Guide at https://errors.pydantic.dev/2.7/migration/
    @validator("class_id")

ml_env\models.py:43
  C:\Users\vinit\.gemini\antigravity\scratch\ml-debug-rl-trainer\ml_env\models.py:43: PydanticDeprecatedSince20: Pydantic V1 style `@validator` validators are deprecated. You should migrate to Pydantic V2 style `@field_validator` validators, see the migration guide for more details. Deprecated in Pydantic V2.0 to be removed in V3.0. See Pydantic V2 Migration Guide at https://errors.pydantic.dev/2.7/migration/
    @validator("confidence")

app.py:223
  C:\Users\vinit\.gemini\antigravity\scratch\ml-debug-rl-trainer\app.py:223: DeprecationWarning: 
          on_event is deprecated, use lifespan event handlers instead.
  
          Read more about it in the
          [FastAPI docs for Lifespan Events](https://fastapi.tiangolo.com/advanced/events/).
          
    @app.on_event("startup")

..\..\..\..\..\..\anconda3\Lib\site-packages\fastapi\applications.py:4495
..\..\..\..\..\..\anconda3\Lib\site-packages\fastapi\applications.py:4495
  C:\anconda3\Lib\site-packages\fastapi\applications.py:4495: DeprecationWarning: 
          on_event is deprecated, use lifespan event handlers instead.
  
          Read more about it in the
          [FastAPI docs for Lifespan Events](https://fastapi.tiangolo.com/advanced/events/).
          
    return self.router.on_event(event_type)

app.py:228
  C:\Users\vinit\.gemini\antigravity\scratch\ml-debug-rl-trainer\app.py:228: DeprecationWarning: 
          on_event is deprecated, use lifespan event handlers instead.
  
          Read more about it in the
          [FastAPI docs for Lifespan Events](https://fastapi.tiangolo.com/advanced/events/).
          
    @app.on_event("shutdown")

tests/test_env.py::TestAPI::test_health
  C:\Users\vinit\.gemini\antigravity\scratch\ml-debug-rl-trainer\app.py:216: DeprecationWarning: datetime.datetime.utcnow() is deprecated and scheduled for removal in a future version. Use timezone-aware objects to represent datetimes in UTC: datetime.datetime.now(datetime.UTC).
    "timestamp": datetime.utcnow().isoformat() + "Z",

-- Docs: https://docs.pytest.org/en/stable/how-to/capture-warnings.html
=========================== short test summary info ===========================
FAILED tests/test_env.py::TestEnvironment::test_fetch_loss_curve - AssertionE...
================== 1 failed, 34 passed, 9 warnings in 1.95s ===================

